Arguments: 
  /Users/oleksandrkocherhin/.nvm/versions/node/v14.17.6/bin/node /Users/oleksandrkocherhin/.nvm/versions/node/v14.17.6/bin/yarn add express

PATH: 
  /Users/oleksandrkocherhin/.nvm/versions/node/v14.17.6/bin:/Users/ejiqpep/.deno/bin:/Users/oleksandrkocherhin/.rbenv/shims:/Users/oleksandrkocherhin/.rbenv/bin:/Users/oleksandrkocherhin/Library/Python/3.7/bin:/Users/oleksandrkocherhin/bin:/Users/oleksandrkocherhin/Library/Haskell/bin:/Users/oleksandrkocherhin/bin:/Users/oleksandrkocherhin/.zsh/bin:/usr/local/bin:/usr/local/sbin:/usr/local/opt/srm/bin:/usr/local/bin:/usr/bin:/bin:/usr/sbin:/sbin:/Users/oleksandrkocherhin/.nvm/versions/node/v14.17.5/bin:/Users/ejiqpep/.deno/bin:/Users/oleksandrkocherhin/.rbenv/shims:/Users/oleksandrkocherhin/.rbenv/bin:/Users/oleksandrkocherhin/Library/Python/3.7/bin:/Users/oleksandrkocherhin/bin:/Users/oleksandrkocherhin/Library/Haskell/bin:/Users/oleksandrkocherhin/.zsh/bin:/usr/local/sbin:/usr/local/opt/srm/bin:/Users/oleksandrkocherhin/.local/bin:/Users/oleksandrkocherhin/n/bin:/Users/oleksandrkocherhin/.fzf/bin:/Users/ejiqpep/Library/Python/2.7/bin:/Users/oleksandrkocherhin/.local/bin:/Users/ejiqpep/Library/Python/2.7/bin

Yarn version: 
  1.22.11

Node version: 
  14.17.6

Platform: 
  darwin x64

Trace: 
  Error: connect ECONNREFUSED 77.220.241.166:443
      at TCPConnectWrap.afterConnect [as oncomplete] (net.js:1148:16)

npm manifest: 
  {
    "name": "monsterlessonsacademy",
    "version": "1.0.0",
    "main": "index.js",
    "repository": "git@monsterlessonsacademy.github.com:monsterlessonsacademy/monsterlessonsacademy.git",
    "license": "MIT",
    "scripts": "node server.js"
  }

yarn manifest: 
  No manifest

Lockfile: 
  No lockfile
